tid-2
112
114
112
114
112
114
112
114
112
114
112
114
112
114
112
114
112
114
112
114
112
114
112
114
112
114
112
114
112
114
112
114
112
114
112
114
112
114
112
114
112
114
112
114
112
114
112
114
112
114
112
114
112
114
112
114
112
114
112
114
112
114
112
114
112
114
112
114
112
114
112
114
112
114
112
114
112
114
112
114
112
114
112
114
112
114
112
114
112
114
112
114
112
114
112
114
112
114
112
114
112
114
112
114
112
114
112
114
112
114
112
114
112
114
112
114
112
114
112
114
112
114
112
114
112
114
112
114
112
114
112
114
112
114
112
114
112
114
