tid-2555
tid-2557
112 0
114 1
112 0
114 1
112 0
114 1
112 0
114 1
112 0
114 1
112 0
114 1
112 0
114 1
112 0
114 1
112 0
114 1
112 0
114 1
112 0
114 1
112 0
114 1
112 0
114 1
112 0
114 1
112 0
114 1
112 0
114 1
112 0
114 1
112 0
114 1
112 0
114 1
112 0
114 1
112 0
114 1
112 0
114 1
112 0
114 1
112 0
114 1
112 0
114 1
112 0
114 1
112 0
114 1
112 0
114 1
112 0
114 1
112 0
114 1
112 0
114 1
112 0
114 1
112 0
114 1
112 0
114 1
112 0
114 1
tid-2558
tid-2559
tid-2560
tid-2561
tid-2562
tid-2563
112 0
114 1
112 0
114 1
112 0
114 1
112 0
114 1
112 0
114 1
112 0
114 1
112 0
114 1
112 0
114 1
112 0
114 1
112 0
114 1
112 0
114 1
112 0
114 1
112 0
114 1
112 0
114 1
112 0
114 1
112 0
114 1
112 0
114 1
112 0
114 1
112 0
114 1
112 0
114 1
112 0
114 1
112 0
114 1
112 0
114 1
112 0
114 1
112 0
114 1
112 0
114 1
112 0
114 1
tid-2564
tid-2565
tid-2566
tid-2567
tid-2568
tid-2569
tid-2570
tid-2571
tid-2572
112 0
114 1
112 0
114 1
112 0
114 1
112 0
114 1
112 0
114 1
112 0
114 1
112 0
114 1
tid-2573
tid-2575
tid-2576
tid-2577
tid-2578
tid-2579
tid-2580
tid-2581
tid-2582
tid-2584
tid-2585
